0 info it worked if it ends with ok
1 verbose cli [ 'C:\\Program Files\\nodejs\\node.exe',
1 verbose cli   'C:\\Program Files\\nodejs\\node_modules\\npm\\bin\\npm-cli.js',
1 verbose cli   'run',
1 verbose cli   'dev' ]
2 info using npm@4.1.2
3 info using node@v7.5.0
4 warn onload-script failed to require onload script npm-autoinit/autoinit
5 warn onload-script Error: Cannot find module 'npm-autoinit/autoinit'
5 warn onload-script     at Function.Module._resolveFilename (module.js:470:15)
5 warn onload-script     at Function.Module._load (module.js:418:25)
5 warn onload-script     at Module.require (module.js:498:17)
5 warn onload-script     at require (internal/module.js:20:19)
5 warn onload-script     at cb (C:\Program Files\nodejs\node_modules\npm\lib\npm.js:203:11)
5 warn onload-script     at C:\Program Files\nodejs\node_modules\npm\lib\npm.js:314:16
5 warn onload-script     at C:\Program Files\nodejs\node_modules\npm\lib\config\core.js:81:7
5 warn onload-script     at Array.forEach (native)
5 warn onload-script     at C:\Program Files\nodejs\node_modules\npm\lib\config\core.js:80:13
5 warn onload-script     at f (C:\Program Files\nodejs\node_modules\npm\node_modules\once\once.js:25:25)
5 warn onload-script  { Error: Cannot find module 'npm-autoinit/autoinit'
5 warn onload-script     at Function.Module._resolveFilename (module.js:470:15)
5 warn onload-script     at Function.Module._load (module.js:418:25)
5 warn onload-script     at Module.require (module.js:498:17)
5 warn onload-script     at require (internal/module.js:20:19)
5 warn onload-script     at cb (C:\Program Files\nodejs\node_modules\npm\lib\npm.js:203:11)
5 warn onload-script     at C:\Program Files\nodejs\node_modules\npm\lib\npm.js:314:16
5 warn onload-script     at C:\Program Files\nodejs\node_modules\npm\lib\config\core.js:81:7
5 warn onload-script     at Array.forEach (native)
5 warn onload-script     at C:\Program Files\nodejs\node_modules\npm\lib\config\core.js:80:13
5 warn onload-script     at f (C:\Program Files\nodejs\node_modules\npm\node_modules\once\once.js:25:25) code: 'MODULE_NOT_FOUND' }
6 verbose run-script [ 'predev', 'dev', 'postdev' ]
7 info lifecycle comic-reader@0.1.3~predev: comic-reader@0.1.3
8 silly lifecycle comic-reader@0.1.3~predev: no script for predev, continuing
9 info lifecycle comic-reader@0.1.3~dev: comic-reader@0.1.3
10 verbose lifecycle comic-reader@0.1.3~dev: unsafe-perm in lifecycle true
11 verbose lifecycle comic-reader@0.1.3~dev: PATH: C:\Program Files\nodejs\node_modules\npm\bin\node-gyp-bin;D:\projects\github\comic-reader\node_modules\.bin;D:\cmder\bin;D:\cmder\vendor\conemu-maximus5\ConEmu\Scripts;D:\cmder\vendor\conemu-maximus5;D:\cmder\vendor\conemu-maximus5\ConEmu;C:\tools\ruby23\bin;C:\Program Files\Common Files\Microsoft Shared\Windows Live;C:\Program Files (x86)\Common Files\Microsoft Shared\Windows Live;C:\WINDOWS\system32;C:\WINDOWS;C:\WINDOWS\System32\Wbem;C:\WINDOWS\System32\WindowsPowerShell\v1.0\;c:\Program Files (x86)\ATI Technologies\ATI.ACE\Core-Static;C:\Program Files (x86)\Intel\Services\IPT\;C:\Program Files\Dell\Dell Data Protection\Access\Advanced\Wave\Gemalto\Access Client\v5\;C:\Program Files (x86)\Windows Live\Shared;C:\Users\bee\AppData\Roaming\nvm;C:\Program Files\nodejs;C:\ProgramData\chocolatey\bin;C:\Program Files\Java\jdk1.8.0_121\bin;C:\Program Files\nodejs\;C:\Program Files\Git\cmd;C:\Program Files\TortoiseGit\bin;C:\Program Files (x86)\Skype\Phone\;C:\Users\bee\AppData\Local\Microsoft\WindowsApps;C:\Users\bee\AppData\Roaming\nvm;C:\Users\bee\AppData\Local\atom\bin;C:\Users\bee\AppData\Roaming\npm;C:\Program Files\Git\usr\bin;C:\Program Files\Git\usr\share\vim\vim74;D:\cmder\
12 verbose lifecycle comic-reader@0.1.3~dev: CWD: D:\projects\github\comic-reader
13 silly lifecycle comic-reader@0.1.3~dev: Args: [ '/d /s /c',
13 silly lifecycle   'concurrently --kill-others "npm run reload" "npm run start" "npm run watch-css"' ]
14 silly lifecycle comic-reader@0.1.3~dev: Returned: code: 1  signal: null
15 info lifecycle comic-reader@0.1.3~dev: Failed to exec dev script
16 verbose stack Error: comic-reader@0.1.3 dev: `concurrently --kill-others "npm run reload" "npm run start" "npm run watch-css"`
16 verbose stack Exit status 1
16 verbose stack     at EventEmitter.<anonymous> (C:\Program Files\nodejs\node_modules\npm\lib\utils\lifecycle.js:279:16)
16 verbose stack     at emitTwo (events.js:106:13)
16 verbose stack     at EventEmitter.emit (events.js:192:7)
16 verbose stack     at ChildProcess.<anonymous> (C:\Program Files\nodejs\node_modules\npm\lib\utils\spawn.js:40:14)
16 verbose stack     at emitTwo (events.js:106:13)
16 verbose stack     at ChildProcess.emit (events.js:192:7)
16 verbose stack     at maybeClose (internal/child_process.js:890:16)
16 verbose stack     at Process.ChildProcess._handle.onexit (internal/child_process.js:226:5)
17 verbose pkgid comic-reader@0.1.3
18 verbose cwd D:\projects\github\comic-reader
19 error Windows_NT 10.0.14393
20 error argv "C:\\Program Files\\nodejs\\node.exe" "C:\\Program Files\\nodejs\\node_modules\\npm\\bin\\npm-cli.js" "run" "dev"
21 error node v7.5.0
22 error npm  v4.1.2
23 error code ELIFECYCLE
24 error comic-reader@0.1.3 dev: `concurrently --kill-others "npm run reload" "npm run start" "npm run watch-css"`
24 error Exit status 1
25 error Failed at the comic-reader@0.1.3 dev script 'concurrently --kill-others "npm run reload" "npm run start" "npm run watch-css"'.
25 error Make sure you have the latest version of node.js and npm installed.
25 error If you do, this is most likely a problem with the comic-reader package,
25 error not with npm itself.
25 error Tell the author that this fails on your system:
25 error     concurrently --kill-others "npm run reload" "npm run start" "npm run watch-css"
25 error You can get information on how to open an issue for this project with:
25 error     npm bugs comic-reader
25 error Or if that isn't available, you can get their info via:
25 error     npm owner ls comic-reader
25 error There is likely additional logging output above.
26 verbose exit [ 1, true ]
